------------------------------------------------------------------------------------------------------------------------------------
      name:  <unnamed>
       log:  E:\Dropbox (Gates Institute)\Narendra's\PMA2.0\TCB\Dec2020\Stata\Ireland Solow Example.log
  log type:  text
 opened on:  16 Dec 2020, 16:49:05

. 
end of do-file

. br

. do "C:\Users\PMA2020\AppData\Local\Temp\STD00000000.tmp"

. *Generate the log of the valiables
. gen ln_rgdp=ln(rgdp)

. gen ln_i=ln(i)

. 
end of do-file

. do "C:\Users\PMA2020\AppData\Local\Temp\STD00000000.tmp"

. *Label the variables
. label variable ln_rgdp "Log of Real GDP"

. label variable ln_i "Log of Investment Rate"

. 
end of do-file

. do "C:\Users\PMA2020\AppData\Local\Temp\STD00000000.tmp"

. scatter ln_rgdp ln_i

. 
end of do-file

. do "C:\Users\PMA2020\AppData\Local\Temp\STD00000000.tmp"

. *Generate a scater diagram with linear fit
. twoway (scatter ln_rgdp ln_i) (lfit ln_rgdp ln_i)

. 
end of do-file

. do "C:\Users\PMA2020\AppData\Local\Temp\STD00000000.tmp"

. *Run a regression analysis
. regress ln_rgdp ln_i

      Source |       SS           df       MS      Number of obs   =        60
-------------+----------------------------------   F(1, 58)        =     30.61
       Model |  6.91710661         1  6.91710661   Prob > F        =    0.0000
    Residual |  13.1048986        58  .225946528   R-squared       =    0.3455
-------------+----------------------------------   Adj R-squared   =    0.3342
       Total |  20.0220053        59  .339356021   Root MSE        =    .47534

------------------------------------------------------------------------------
     ln_rgdp |      Coef.   Std. Err.      t    P>|t|     [95% Conf. Interval]
-------------+----------------------------------------------------------------
        ln_i |   1.609955   .2909742     5.53   0.000     1.027507    2.192403
       _cons |   4.656945   .8819362     5.28   0.000     2.891558    6.422332
------------------------------------------------------------------------------

. 
end of do-file

. exit, clear
